{"/home/waricoma/Documents/devspace/smart-post-box/express/server/api/services/photos.service.ts": {"path":"/home/waricoma/Documents/devspace/smart-post-box/express/server/api/services/photos.service.ts","statementMap":{"0":{"start":{"line":1,"column":0},"end":{"line":1,"column":36}},"1":{"start":{"line":3,"column":0},"end":{"line":3,"column":53}},"2":{"start":{"line":5,"column":0},"end":{"line":5,"column":57}},"3":{"start":{"line":7,"column":0},"end":{"line":7,"column":31}},"4":{"start":{"line":8,"column":0},"end":{"line":8,"column":20}},"5":{"start":{"line":9,"column":0},"end":{"line":9,"column":24}},"6":{"start":{"line":10,"column":0},"end":{"line":10,"column":33}},"7":{"start":{"line":17,"column":4},"end":{"line":17,"column":41}},"8":{"start":{"line":18,"column":4},"end":{"line":18,"column":45}},"9":{"start":{"line":22,"column":4},"end":{"line":22,"column":43}},"10":{"start":{"line":26,"column":4},"end":{"line":34,"column":null}},"11":{"start":{"line":27,"column":6},"end":{"line":27,"column":76}},"12":{"start":{"line":28,"column":6},"end":{"line":30,"column":null}},"13":{"start":{"line":29,"column":8},"end":{"line":29,"column":37}},"14":{"start":{"line":32,"column":6},"end":{"line":32,"column":18}},"15":{"start":{"line":33,"column":6},"end":{"line":33,"column":37}},"16":{"start":{"line":36,"column":4},"end":{"line":47,"column":null}},"17":{"start":{"line":37,"column":20},"end":{"line":37,"column":78}},"18":{"start":{"line":39,"column":6},"end":{"line":41,"column":null}},"19":{"start":{"line":40,"column":8},"end":{"line":40,"column":42}},"20":{"start":{"line":43,"column":6},"end":{"line":43,"column":25}},"21":{"start":{"line":45,"column":6},"end":{"line":45,"column":18}},"22":{"start":{"line":46,"column":6},"end":{"line":46,"column":37}},"23":{"start":{"line":55,"column":4},"end":{"line":55,"column":28}},"24":{"start":{"line":60,"column":4},"end":{"line":64,"column":null}},"25":{"start":{"line":61,"column":6},"end":{"line":61,"column":76}},"26":{"start":{"line":63,"column":6},"end":{"line":63,"column":27}},"27":{"start":{"line":66,"column":4},"end":{"line":68,"column":null}},"28":{"start":{"line":67,"column":6},"end":{"line":67,"column":46}},"29":{"start":{"line":70,"column":18},"end":{"line":70,"column":34}},"30":{"start":{"line":71,"column":20},"end":{"line":71,"column":54}},"31":{"start":{"line":72,"column":24},"end":{"line":72,"column":60}},"32":{"start":{"line":74,"column":4},"end":{"line":77,"column":null}},"33":{"start":{"line":75,"column":6},"end":{"line":75,"column":30}},"34":{"start":{"line":76,"column":6},"end":{"line":76,"column":39}},"35":{"start":{"line":79,"column":4},"end":{"line":86,"column":null}},"36":{"start":{"line":80,"column":6},"end":{"line":83,"column":8}},"37":{"start":{"line":85,"column":6},"end":{"line":85,"column":27}},"38":{"start":{"line":88,"column":4},"end":{"line":88,"column":23}},"39":{"start":{"line":89,"column":4},"end":{"line":89,"column":21}},"40":{"start":{"line":90,"column":4},"end":{"line":90,"column":25}},"41":{"start":{"line":92,"column":4},"end":{"line":96,"column":null}},"42":{"start":{"line":93,"column":6},"end":{"line":93,"column":68}},"43":{"start":{"line":95,"column":6},"end":{"line":95,"column":27}},"44":{"start":{"line":98,"column":19},"end":{"line":98,"column":88}},"45":{"start":{"line":100,"column":4},"end":{"line":107,"column":6}},"46":{"start":{"line":12,"column":0},"end":{"line":12,"column":13}}},"fnMap":{"0":{"name":"(anonymous_8)","decl":{"start":{"line":16,"column":2},"end":{"line":16,"column":null}},"loc":{"start":{"line":16,"column":2},"end":{"line":19,"column":3}}},"1":{"name":"(anonymous_9)","decl":{"start":{"line":21,"column":15},"end":{"line":21,"column":43}},"loc":{"start":{"line":21,"column":62},"end":{"line":48,"column":null}}},"2":{"name":"(anonymous_11)","decl":{"start":{"line":50,"column":15},"end":{"line":50,"column":28}},"loc":{"start":{"line":53,"column":23},"end":{"line":108,"column":null}}}},"branchMap":{"0":{"loc":{"start":{"line":28,"column":6},"end":{"line":30,"column":null}},"type":"if","locations":[{"start":{"line":28,"column":6},"end":{"line":30,"column":null}},{"start":{"line":28,"column":6},"end":{"line":30,"column":null}}]},"1":{"loc":{"start":{"line":39,"column":6},"end":{"line":41,"column":null}},"type":"if","locations":[{"start":{"line":39,"column":6},"end":{"line":41,"column":null}},{"start":{"line":39,"column":6},"end":{"line":41,"column":null}}]},"2":{"loc":{"start":{"line":66,"column":4},"end":{"line":68,"column":null}},"type":"if","locations":[{"start":{"line":66,"column":4},"end":{"line":68,"column":null}},{"start":{"line":66,"column":4},"end":{"line":68,"column":null}}]},"3":{"loc":{"start":{"line":74,"column":4},"end":{"line":77,"column":null}},"type":"if","locations":[{"start":{"line":74,"column":4},"end":{"line":77,"column":null}},{"start":{"line":74,"column":4},"end":{"line":77,"column":null}}]},"4":{"loc":{"start":{"line":74,"column":8},"end":{"line":74,"column":35}},"type":"binary-expr","locations":[{"start":{"line":74,"column":8},"end":{"line":74,"column":35}},{"start":{"line":74,"column":39},"end":{"line":74,"column":74}}]}},"s":{"0":1,"1":1,"2":1,"3":1,"4":1,"5":1,"6":1,"7":1,"8":1,"9":0,"10":0,"11":0,"12":0,"13":0,"14":0,"15":0,"16":0,"17":0,"18":0,"19":0,"20":0,"21":0,"22":0,"23":0,"24":0,"25":0,"26":0,"27":0,"28":0,"29":0,"30":0,"31":0,"32":0,"33":0,"34":0,"35":0,"36":0,"37":0,"38":0,"39":0,"40":0,"41":0,"42":0,"43":0,"44":0,"45":0,"46":1},"f":{"0":1,"1":0,"2":0},"b":{"0":[0,0],"1":[0,0],"2":[0,0],"3":[0,0],"4":[0,0]}}
,"/home/waricoma/Documents/devspace/smart-post-box/express/server/api/services/post-box.service.ts": {"path":"/home/waricoma/Documents/devspace/smart-post-box/express/server/api/services/post-box.service.ts","statementMap":{"0":{"start":{"line":1,"column":0},"end":{"line":1,"column":36}},"1":{"start":{"line":3,"column":0},"end":{"line":3,"column":57}},"2":{"start":{"line":10,"column":4},"end":{"line":10,"column":45}},"3":{"start":{"line":14,"column":4},"end":{"line":14,"column":27}},"4":{"start":{"line":18,"column":4},"end":{"line":22,"column":null}},"5":{"start":{"line":19,"column":6},"end":{"line":19,"column":76}},"6":{"start":{"line":21,"column":6},"end":{"line":21,"column":27}},"7":{"start":{"line":24,"column":4},"end":{"line":26,"column":null}},"8":{"start":{"line":25,"column":6},"end":{"line":25,"column":46}},"9":{"start":{"line":28,"column":4},"end":{"line":36,"column":6}},"10":{"start":{"line":6,"column":0},"end":{"line":6,"column":13}}},"fnMap":{"0":{"name":"(anonymous_8)","decl":{"start":{"line":9,"column":2},"end":{"line":9,"column":null}},"loc":{"start":{"line":9,"column":2},"end":{"line":11,"column":3}}},"1":{"name":"(anonymous_9)","decl":{"start":{"line":13,"column":15},"end":{"line":13,"column":27}},"loc":{"start":{"line":13,"column":46},"end":{"line":37,"column":null}}}},"branchMap":{"0":{"loc":{"start":{"line":24,"column":4},"end":{"line":26,"column":null}},"type":"if","locations":[{"start":{"line":24,"column":4},"end":{"line":26,"column":null}},{"start":{"line":24,"column":4},"end":{"line":26,"column":null}}]},"1":{"loc":{"start":{"line":32,"column":60},"end":{"line":32,"column":62}},"type":"cond-expr","locations":[{"start":{"line":32,"column":60},"end":{"line":32,"column":62}},{"start":{"line":32,"column":65},"end":{"line":32,"column":85}}]},"2":{"loc":{"start":{"line":33,"column":10},"end":{"line":33,"column":27}},"type":"binary-expr","locations":[{"start":{"line":33,"column":10},"end":{"line":33,"column":27}},{"start":{"line":33,"column":31},"end":{"line":33,"column":null}}]}},"s":{"0":1,"1":1,"2":1,"3":0,"4":0,"5":0,"6":0,"7":0,"8":0,"9":0,"10":1},"f":{"0":1,"1":0},"b":{"0":[0,0],"1":[0,0],"2":[0,0]}}
,"/home/waricoma/Documents/devspace/smart-post-box/express/server/api/services/users-lines.service.ts": {"path":"/home/waricoma/Documents/devspace/smart-post-box/express/server/api/services/users-lines.service.ts","statementMap":{"0":{"start":{"line":1,"column":0},"end":{"line":1,"column":36}},"1":{"start":{"line":4,"column":0},"end":{"line":4,"column":57}},"2":{"start":{"line":12,"column":11},"end":{"line":41,"column":4}},"3":{"start":{"line":52,"column":4},"end":{"line":52,"column":43}},"4":{"start":{"line":53,"column":4},"end":{"line":53,"column":45}},"5":{"start":{"line":44,"column":17},"end":{"line":44,"column":33}},"6":{"start":{"line":45,"column":22},"end":{"line":45,"column":68}},"7":{"start":{"line":46,"column":4},"end":{"line":46,"column":30}},"8":{"start":{"line":47,"column":4},"end":{"line":47,"column":39}},"9":{"start":{"line":48,"column":4},"end":{"line":48,"column":16}},"10":{"start":{"line":59,"column":4},"end":{"line":59,"column":37}},"11":{"start":{"line":64,"column":4},"end":{"line":73,"column":null}},"12":{"start":{"line":65,"column":6},"end":{"line":65,"column":90}},"13":{"start":{"line":66,"column":6},"end":{"line":66,"column":72}},"14":{"start":{"line":68,"column":6},"end":{"line":68,"column":18}},"15":{"start":{"line":69,"column":6},"end":{"line":72,"column":28}},"16":{"start":{"line":75,"column":4},"end":{"line":75,"column":20}},"17":{"start":{"line":79,"column":4},"end":{"line":79,"column":38}},"18":{"start":{"line":84,"column":4},"end":{"line":95,"column":null}},"19":{"start":{"line":85,"column":6},"end":{"line":85,"column":85}},"20":{"start":{"line":87,"column":6},"end":{"line":91,"column":null}},"21":{"start":{"line":88,"column":8},"end":{"line":88,"column":75}},"22":{"start":{"line":90,"column":8},"end":{"line":90,"column":72}},"23":{"start":{"line":93,"column":6},"end":{"line":93,"column":18}},"24":{"start":{"line":94,"column":6},"end":{"line":94,"column":59}},"25":{"start":{"line":97,"column":4},"end":{"line":97,"column":20}},"26":{"start":{"line":101,"column":4},"end":{"line":101,"column":27}},"27":{"start":{"line":105,"column":4},"end":{"line":109,"column":null}},"28":{"start":{"line":106,"column":6},"end":{"line":106,"column":56}},"29":{"start":{"line":108,"column":6},"end":{"line":108,"column":27}},"30":{"start":{"line":111,"column":26},"end":{"line":116,"column":6}},"31":{"start":{"line":112,"column":6},"end":{"line":115,"column":8}},"32":{"start":{"line":118,"column":4},"end":{"line":118,"column":25}},"33":{"start":{"line":126,"column":4},"end":{"line":126,"column":39}},"34":{"start":{"line":132,"column":4},"end":{"line":152,"column":null}},"35":{"start":{"line":133,"column":6},"end":{"line":133,"column":68}},"36":{"start":{"line":135,"column":6},"end":{"line":142,"column":null}},"37":{"start":{"line":136,"column":8},"end":{"line":139,"column":10}},"38":{"start":{"line":141,"column":8},"end":{"line":141,"column":24}},"39":{"start":{"line":144,"column":6},"end":{"line":144,"column":18}},"40":{"start":{"line":146,"column":6},"end":{"line":149,"column":8}},"41":{"start":{"line":151,"column":6},"end":{"line":151,"column":22}},"42":{"start":{"line":154,"column":4},"end":{"line":172,"column":null}},"43":{"start":{"line":155,"column":6},"end":{"line":159,"column":9}},"44":{"start":{"line":161,"column":6},"end":{"line":164,"column":8}},"45":{"start":{"line":166,"column":6},"end":{"line":166,"column":18}},"46":{"start":{"line":168,"column":6},"end":{"line":171,"column":8}},"47":{"start":{"line":174,"column":4},"end":{"line":174,"column":20}},"48":{"start":{"line":178,"column":4},"end":{"line":178,"column":38}},"49":{"start":{"line":184,"column":4},"end":{"line":204,"column":null}},"50":{"start":{"line":185,"column":6},"end":{"line":185,"column":64}},"51":{"start":{"line":187,"column":6},"end":{"line":194,"column":null}},"52":{"start":{"line":188,"column":8},"end":{"line":191,"column":10}},"53":{"start":{"line":193,"column":8},"end":{"line":193,"column":24}},"54":{"start":{"line":196,"column":6},"end":{"line":196,"column":18}},"55":{"start":{"line":198,"column":6},"end":{"line":201,"column":8}},"56":{"start":{"line":203,"column":6},"end":{"line":203,"column":22}},"57":{"start":{"line":206,"column":4},"end":{"line":270,"column":null}},"58":{"start":{"line":207,"column":6},"end":{"line":207,"column":76}},"59":{"start":{"line":209,"column":6},"end":{"line":217,"column":null}},"60":{"start":{"line":210,"column":8},"end":{"line":214,"column":10}},"61":{"start":{"line":216,"column":8},"end":{"line":216,"column":24}},"62":{"start":{"line":219,"column":26},"end":{"line":252,"column":null}},"63":{"start":{"line":221,"column":10},"end":{"line":251,"column":12}},"64":{"start":{"line":255,"column":6},"end":{"line":262,"column":8}},"65":{"start":{"line":264,"column":6},"end":{"line":264,"column":18}},"66":{"start":{"line":266,"column":6},"end":{"line":269,"column":8}},"67":{"start":{"line":272,"column":4},"end":{"line":272,"column":20}},"68":{"start":{"line":276,"column":4},"end":{"line":276,"column":38}},"69":{"start":{"line":281,"column":4},"end":{"line":301,"column":null}},"70":{"start":{"line":282,"column":6},"end":{"line":282,"column":64}},"71":{"start":{"line":284,"column":6},"end":{"line":291,"column":null}},"72":{"start":{"line":285,"column":8},"end":{"line":288,"column":10}},"73":{"start":{"line":290,"column":8},"end":{"line":290,"column":24}},"74":{"start":{"line":293,"column":6},"end":{"line":293,"column":18}},"75":{"start":{"line":295,"column":6},"end":{"line":298,"column":8}},"76":{"start":{"line":300,"column":6},"end":{"line":300,"column":22}},"77":{"start":{"line":303,"column":4},"end":{"line":324,"column":null}},"78":{"start":{"line":304,"column":22},"end":{"line":304,"column":88}},"79":{"start":{"line":306,"column":6},"end":{"line":314,"column":null}},"80":{"start":{"line":307,"column":8},"end":{"line":311,"column":10}},"81":{"start":{"line":313,"column":8},"end":{"line":313,"column":24}},"82":{"start":{"line":316,"column":6},"end":{"line":316,"column":18}},"83":{"start":{"line":318,"column":6},"end":{"line":321,"column":8}},"84":{"start":{"line":323,"column":6},"end":{"line":323,"column":22}},"85":{"start":{"line":326,"column":4},"end":{"line":340,"column":null}},"86":{"start":{"line":327,"column":6},"end":{"line":327,"column":55}},"87":{"start":{"line":329,"column":6},"end":{"line":332,"column":8}},"88":{"start":{"line":334,"column":6},"end":{"line":334,"column":18}},"89":{"start":{"line":336,"column":6},"end":{"line":339,"column":8}},"90":{"start":{"line":342,"column":4},"end":{"line":342,"column":20}},"91":{"start":{"line":8,"column":0},"end":{"line":8,"column":13}}},"fnMap":{"0":{"name":"(anonymous_8)","decl":{"start":{"line":51,"column":2},"end":{"line":51,"column":14}},"loc":{"start":{"line":51,"column":46},"end":{"line":54,"column":3}}},"1":{"name":"(anonymous_9)","decl":{"start":{"line":43,"column":10},"end":{"line":43,"column":38}},"loc":{"start":{"line":43,"column":52},"end":{"line":49,"column":3}}},"2":{"name":"(anonymous_10)","decl":{"start":{"line":56,"column":15},"end":{"line":56,"column":37}},"loc":{"start":{"line":58,"column":3},"end":{"line":76,"column":null}}},"3":{"name":"(anonymous_12)","decl":{"start":{"line":78,"column":15},"end":{"line":78,"column":38}},"loc":{"start":{"line":78,"column":76},"end":{"line":98,"column":null}}},"4":{"name":"(anonymous_14)","decl":{"start":{"line":100,"column":15},"end":{"line":100,"column":27}},"loc":{"start":{"line":100,"column":27},"end":{"line":119,"column":null}}},"5":{"name":"(anonymous_16)","decl":{"start":{"line":111,"column":36},"end":{"line":111,"column":37}},"loc":{"start":{"line":111,"column":45},"end":{"line":116,"column":5}}},"6":{"name":"(anonymous_17)","decl":{"start":{"line":121,"column":15},"end":{"line":121,"column":39}},"loc":{"start":{"line":125,"column":3},"end":{"line":175,"column":null}}},"7":{"name":"(anonymous_19)","decl":{"start":{"line":177,"column":15},"end":{"line":177,"column":38}},"loc":{"start":{"line":177,"column":53},"end":{"line":273,"column":null}}},"8":{"name":"(anonymous_21)","decl":{"start":{"line":220,"column":8},"end":{"line":220,"column":9}},"loc":{"start":{"line":220,"column":53},"end":{"line":252,"column":9}}},"9":{"name":"(anonymous_22)","decl":{"start":{"line":275,"column":15},"end":{"line":275,"column":38}},"loc":{"start":{"line":275,"column":73},"end":{"line":343,"column":null}}}},"branchMap":{"0":{"loc":{"start":{"line":87,"column":6},"end":{"line":91,"column":null}},"type":"if","locations":[{"start":{"line":87,"column":6},"end":{"line":91,"column":null}},{"start":{"line":87,"column":6},"end":{"line":91,"column":null}}]},"1":{"loc":{"start":{"line":135,"column":6},"end":{"line":142,"column":null}},"type":"if","locations":[{"start":{"line":135,"column":6},"end":{"line":142,"column":null}},{"start":{"line":135,"column":6},"end":{"line":142,"column":null}}]},"2":{"loc":{"start":{"line":187,"column":6},"end":{"line":194,"column":null}},"type":"if","locations":[{"start":{"line":187,"column":6},"end":{"line":194,"column":null}},{"start":{"line":187,"column":6},"end":{"line":194,"column":null}}]},"3":{"loc":{"start":{"line":209,"column":6},"end":{"line":217,"column":null}},"type":"if","locations":[{"start":{"line":209,"column":6},"end":{"line":217,"column":null}},{"start":{"line":209,"column":6},"end":{"line":217,"column":null}}]},"4":{"loc":{"start":{"line":231,"column":24},"end":{"line":231,"column":42}},"type":"cond-expr","locations":[{"start":{"line":231,"column":24},"end":{"line":231,"column":42}},{"start":{"line":232,"column":24},"end":{"line":232,"column":91}}]},"5":{"loc":{"start":{"line":232,"column":66},"end":{"line":232,"column":83}},"type":"binary-expr","locations":[{"start":{"line":232,"column":66},"end":{"line":232,"column":83}},{"start":{"line":232,"column":87},"end":{"line":232,"column":89}}]},"6":{"loc":{"start":{"line":284,"column":6},"end":{"line":291,"column":null}},"type":"if","locations":[{"start":{"line":284,"column":6},"end":{"line":291,"column":null}},{"start":{"line":284,"column":6},"end":{"line":291,"column":null}}]},"7":{"loc":{"start":{"line":306,"column":6},"end":{"line":314,"column":null}},"type":"if","locations":[{"start":{"line":306,"column":6},"end":{"line":314,"column":null}},{"start":{"line":306,"column":6},"end":{"line":314,"column":null}}]}},"s":{"0":1,"1":1,"2":2,"3":2,"4":2,"5":1,"6":1,"7":1,"8":1,"9":1,"10":1,"11":1,"12":1,"13":1,"14":0,"15":0,"16":1,"17":2,"18":2,"19":2,"20":2,"21":1,"22":1,"23":0,"24":0,"25":2,"26":0,"27":0,"28":0,"29":0,"30":0,"31":0,"32":0,"33":0,"34":0,"35":0,"36":0,"37":0,"38":0,"39":0,"40":0,"41":0,"42":0,"43":0,"44":0,"45":0,"46":0,"47":0,"48":0,"49":0,"50":0,"51":0,"52":0,"53":0,"54":0,"55":0,"56":0,"57":0,"58":0,"59":0,"60":0,"61":0,"62":0,"63":0,"64":0,"65":0,"66":0,"67":0,"68":0,"69":0,"70":0,"71":0,"72":0,"73":0,"74":0,"75":0,"76":0,"77":0,"78":0,"79":0,"80":0,"81":0,"82":0,"83":0,"84":0,"85":0,"86":0,"87":0,"88":0,"89":0,"90":0,"91":1},"f":{"0":2,"1":1,"2":1,"3":2,"4":0,"5":0,"6":0,"7":0,"8":0,"9":0},"b":{"0":[1,1],"1":[0,0],"2":[0,0],"3":[0,0],"4":[0,0],"5":[0,0],"6":[0,0],"7":[0,0]}}
,"/home/waricoma/Documents/devspace/smart-post-box/express/server/api/services/users.service.ts": {"path":"/home/waricoma/Documents/devspace/smart-post-box/express/server/api/services/users.service.ts","statementMap":{"0":{"start":{"line":1,"column":0},"end":{"line":1,"column":36}},"1":{"start":{"line":2,"column":0},"end":{"line":2,"column":51}},"2":{"start":{"line":4,"column":19},"end":{"line":4,"column":35}},"3":{"start":{"line":8,"column":4},"end":{"line":8,"column":46}},"4":{"start":{"line":9,"column":4},"end":{"line":9,"column":30}},"5":{"start":{"line":10,"column":4},"end":{"line":10,"column":11}},"6":{"start":{"line":6,"column":0},"end":{"line":6,"column":13}}},"fnMap":{"0":{"name":"(anonymous_1)","decl":{"start":{"line":7,"column":9},"end":{"line":7,"column":21}},"loc":{"start":{"line":7,"column":21},"end":{"line":11,"column":3}}}},"branchMap":{},"s":{"0":0,"1":0,"2":0,"3":0,"4":0,"5":0,"6":0},"f":{"0":0},"b":{}}
}
