{"/work/express/server/api/services/users-lines.service.ts": {"path":"/work/express/server/api/services/users-lines.service.ts","statementMap":{"0":{"start":{"line":1,"column":0},"end":{"line":1,"column":36}},"1":{"start":{"line":9,"column":4},"end":{"line":9,"column":43}},"2":{"start":{"line":13,"column":4},"end":{"line":13,"column":37}},"3":{"start":{"line":18,"column":4},"end":{"line":24,"column":null}},"4":{"start":{"line":19,"column":6},"end":{"line":19,"column":90}},"5":{"start":{"line":20,"column":6},"end":{"line":20,"column":86}},"6":{"start":{"line":22,"column":6},"end":{"line":22,"column":18}},"7":{"start":{"line":23,"column":6},"end":{"line":23,"column":50}},"8":{"start":{"line":26,"column":4},"end":{"line":26,"column":20}},"9":{"start":{"line":30,"column":4},"end":{"line":30,"column":38}},"10":{"start":{"line":35,"column":4},"end":{"line":46,"column":null}},"11":{"start":{"line":36,"column":6},"end":{"line":36,"column":85}},"12":{"start":{"line":38,"column":6},"end":{"line":42,"column":null}},"13":{"start":{"line":39,"column":8},"end":{"line":39,"column":86}},"14":{"start":{"line":41,"column":8},"end":{"line":41,"column":50}},"15":{"start":{"line":44,"column":6},"end":{"line":44,"column":18}},"16":{"start":{"line":45,"column":6},"end":{"line":45,"column":50}},"17":{"start":{"line":48,"column":4},"end":{"line":48,"column":20}},"18":{"start":{"line":52,"column":4},"end":{"line":52,"column":27}},"19":{"start":{"line":56,"column":4},"end":{"line":60,"column":null}},"20":{"start":{"line":57,"column":6},"end":{"line":57,"column":56}},"21":{"start":{"line":59,"column":6},"end":{"line":59,"column":27}},"22":{"start":{"line":62,"column":26},"end":{"line":67,"column":6}},"23":{"start":{"line":63,"column":6},"end":{"line":66,"column":8}},"24":{"start":{"line":69,"column":4},"end":{"line":69,"column":25}},"25":{"start":{"line":5,"column":0},"end":{"line":5,"column":13}}},"fnMap":{"0":{"name":"(anonymous_8)","decl":{"start":{"line":8,"column":2},"end":{"line":8,"column":14}},"loc":{"start":{"line":8,"column":46},"end":{"line":10,"column":3}}},"1":{"name":"(anonymous_9)","decl":{"start":{"line":12,"column":15},"end":{"line":12,"column":37}},"loc":{"start":{"line":12,"column":75},"end":{"line":27,"column":null}}},"2":{"name":"(anonymous_11)","decl":{"start":{"line":29,"column":15},"end":{"line":29,"column":38}},"loc":{"start":{"line":29,"column":76},"end":{"line":49,"column":null}}},"3":{"name":"(anonymous_13)","decl":{"start":{"line":51,"column":15},"end":{"line":51,"column":27}},"loc":{"start":{"line":51,"column":27},"end":{"line":70,"column":null}}},"4":{"name":"(anonymous_15)","decl":{"start":{"line":62,"column":36},"end":{"line":62,"column":37}},"loc":{"start":{"line":62,"column":45},"end":{"line":67,"column":5}}}},"branchMap":{"0":{"loc":{"start":{"line":38,"column":6},"end":{"line":42,"column":null}},"type":"if","locations":[{"start":{"line":38,"column":6},"end":{"line":42,"column":null}},{"start":{"line":38,"column":6},"end":{"line":42,"column":null}}]}},"s":{"0":1,"1":2,"2":1,"3":1,"4":1,"5":1,"6":0,"7":0,"8":1,"9":2,"10":2,"11":2,"12":2,"13":1,"14":1,"15":0,"16":0,"17":2,"18":0,"19":0,"20":0,"21":0,"22":0,"23":0,"24":0,"25":1},"f":{"0":2,"1":1,"2":2,"3":0,"4":0},"b":{"0":[1,1]}}
,"/work/express/server/api/services/users.service.ts": {"path":"/work/express/server/api/services/users.service.ts","statementMap":{"0":{"start":{"line":1,"column":0},"end":{"line":1,"column":36}},"1":{"start":{"line":2,"column":0},"end":{"line":2,"column":51}},"2":{"start":{"line":4,"column":19},"end":{"line":4,"column":35}},"3":{"start":{"line":8,"column":4},"end":{"line":8,"column":46}},"4":{"start":{"line":9,"column":4},"end":{"line":9,"column":30}},"5":{"start":{"line":10,"column":4},"end":{"line":10,"column":11}},"6":{"start":{"line":6,"column":0},"end":{"line":6,"column":13}}},"fnMap":{"0":{"name":"(anonymous_1)","decl":{"start":{"line":7,"column":9},"end":{"line":7,"column":21}},"loc":{"start":{"line":7,"column":21},"end":{"line":11,"column":3}}}},"branchMap":{},"s":{"0":0,"1":0,"2":0,"3":0,"4":0,"5":0,"6":0},"f":{"0":0},"b":{}}
}
