TN:
SF:server/api/services/users-lines.service.ts
FN:8,(anonymous_8)
FN:12,(anonymous_9)
FN:29,(anonymous_11)
FN:51,(anonymous_13)
FN:62,(anonymous_15)
FNF:5
FNH:3
FNDA:2,(anonymous_8)
FNDA:1,(anonymous_9)
FNDA:2,(anonymous_11)
FNDA:0,(anonymous_13)
FNDA:0,(anonymous_15)
DA:1,1
DA:5,1
DA:9,2
DA:13,1
DA:18,1
DA:19,1
DA:20,1
DA:22,0
DA:23,0
DA:26,1
DA:30,2
DA:35,2
DA:36,2
DA:38,2
DA:39,1
DA:41,1
DA:44,0
DA:45,0
DA:48,2
DA:52,0
DA:56,0
DA:57,0
DA:59,0
DA:62,0
DA:63,0
DA:69,0
LF:26
LH:15
BRDA:38,0,0,1
BRDA:38,0,1,1
BRF:2
BRH:2
end_of_record
TN:
SF:server/api/services/users.service.ts
FN:7,(anonymous_1)
FNF:1
FNH:0
FNDA:0,(anonymous_1)
DA:1,0
DA:2,0
DA:4,0
DA:6,0
DA:8,0
DA:9,0
DA:10,0
LF:7
LH:0
BRF:0
BRH:0
end_of_record
