TN:
SF:server/api/services/photos.service.ts
FN:16,(anonymous_8)
FN:21,(anonymous_9)
FN:50,(anonymous_11)
FNF:3
FNH:1
FNDA:1,(anonymous_8)
FNDA:0,(anonymous_9)
FNDA:0,(anonymous_11)
DA:1,1
DA:3,1
DA:5,1
DA:7,1
DA:8,1
DA:9,1
DA:10,1
DA:12,1
DA:17,1
DA:18,1
DA:22,0
DA:26,0
DA:27,0
DA:28,0
DA:29,0
DA:32,0
DA:33,0
DA:36,0
DA:37,0
DA:39,0
DA:40,0
DA:43,0
DA:45,0
DA:46,0
DA:55,0
DA:60,0
DA:61,0
DA:63,0
DA:66,0
DA:67,0
DA:70,0
DA:71,0
DA:72,0
DA:74,0
DA:75,0
DA:76,0
DA:79,0
DA:80,0
DA:85,0
DA:88,0
DA:89,0
DA:90,0
DA:92,0
DA:93,0
DA:95,0
DA:98,0
DA:100,0
LF:47
LH:10
BRDA:28,0,0,0
BRDA:28,0,1,0
BRDA:39,1,0,0
BRDA:39,1,1,0
BRDA:66,2,0,0
BRDA:66,2,1,0
BRDA:74,3,0,0
BRDA:74,3,1,0
BRDA:74,4,0,0
BRDA:74,4,1,0
BRF:10
BRH:0
end_of_record
TN:
SF:server/api/services/post-box.service.ts
FN:9,(anonymous_8)
FN:13,(anonymous_9)
FNF:2
FNH:1
FNDA:1,(anonymous_8)
FNDA:0,(anonymous_9)
DA:1,1
DA:3,1
DA:6,1
DA:10,1
DA:14,0
DA:18,0
DA:19,0
DA:21,0
DA:24,0
DA:25,0
DA:28,0
LF:11
LH:4
BRDA:24,0,0,0
BRDA:24,0,1,0
BRDA:32,1,0,0
BRDA:32,1,1,0
BRDA:33,2,0,0
BRDA:33,2,1,0
BRF:6
BRH:0
end_of_record
TN:
SF:server/api/services/users-lines.service.ts
FN:51,(anonymous_8)
FN:43,(anonymous_9)
FN:56,(anonymous_10)
FN:78,(anonymous_12)
FN:100,(anonymous_14)
FN:111,(anonymous_16)
FN:121,(anonymous_17)
FN:177,(anonymous_19)
FN:220,(anonymous_21)
FN:275,(anonymous_22)
FNF:10
FNH:4
FNDA:2,(anonymous_8)
FNDA:1,(anonymous_9)
FNDA:1,(anonymous_10)
FNDA:2,(anonymous_12)
FNDA:0,(anonymous_14)
FNDA:0,(anonymous_16)
FNDA:0,(anonymous_17)
FNDA:0,(anonymous_19)
FNDA:0,(anonymous_21)
FNDA:0,(anonymous_22)
DA:1,1
DA:4,1
DA:8,1
DA:12,2
DA:44,1
DA:45,1
DA:46,1
DA:47,1
DA:48,1
DA:52,2
DA:53,2
DA:59,1
DA:64,1
DA:65,1
DA:66,1
DA:68,0
DA:69,0
DA:75,1
DA:79,2
DA:84,2
DA:85,2
DA:87,2
DA:88,1
DA:90,1
DA:93,0
DA:94,0
DA:97,2
DA:101,0
DA:105,0
DA:106,0
DA:108,0
DA:111,0
DA:112,0
DA:118,0
DA:126,0
DA:132,0
DA:133,0
DA:135,0
DA:136,0
DA:141,0
DA:144,0
DA:146,0
DA:151,0
DA:154,0
DA:155,0
DA:161,0
DA:166,0
DA:168,0
DA:174,0
DA:178,0
DA:184,0
DA:185,0
DA:187,0
DA:188,0
DA:193,0
DA:196,0
DA:198,0
DA:203,0
DA:206,0
DA:207,0
DA:209,0
DA:210,0
DA:216,0
DA:219,0
DA:221,0
DA:255,0
DA:264,0
DA:266,0
DA:272,0
DA:276,0
DA:281,0
DA:282,0
DA:284,0
DA:285,0
DA:290,0
DA:293,0
DA:295,0
DA:300,0
DA:303,0
DA:304,0
DA:306,0
DA:307,0
DA:313,0
DA:316,0
DA:318,0
DA:323,0
DA:326,0
DA:327,0
DA:329,0
DA:334,0
DA:336,0
DA:342,0
LF:92
LH:23
BRDA:87,0,0,1
BRDA:87,0,1,1
BRDA:135,1,0,0
BRDA:135,1,1,0
BRDA:187,2,0,0
BRDA:187,2,1,0
BRDA:209,3,0,0
BRDA:209,3,1,0
BRDA:231,4,0,0
BRDA:231,4,1,0
BRDA:232,5,0,0
BRDA:232,5,1,0
BRDA:284,6,0,0
BRDA:284,6,1,0
BRDA:306,7,0,0
BRDA:306,7,1,0
BRF:16
BRH:2
end_of_record
TN:
SF:server/api/services/users.service.ts
FN:7,(anonymous_1)
FNF:1
FNH:0
FNDA:0,(anonymous_1)
DA:1,0
DA:2,0
DA:4,0
DA:6,0
DA:8,0
DA:9,0
DA:10,0
LF:7
LH:0
BRF:0
BRH:0
end_of_record
